<?xml version="1.0" encoding="UTF-8"?>
<testng-results ignored="0" total="2" passed="2" failed="0" skipped="0">
  <reporter-output>
  </reporter-output>
  <suite started-at="2022-10-17T09:36:38 IST" name="Default suite" finished-at="2022-10-17T09:37:06 IST" duration-ms="27938">
    <groups>
    </groups>
    <test started-at="2022-10-17T09:36:38 IST" name="Default test" finished-at="2022-10-17T09:37:06 IST" duration-ms="27938">
      <class name="MobileWorld.ContactUs.StandardAloneTest">
        <test-method signature="contactus(java.lang.String,java.lang.String,java.lang.String,java.lang.String,java.lang.String)[pri:0, instance:MobileWorld.ContactUs.StandardAloneTest@36902638]" started-at="2022-10-17T09:36:38 IST" name="contactus" data-provider="contactus" finished-at="2022-10-17T09:36:50 IST" duration-ms="11781" status="PASS">
          <params>
            <param index="0">
              <value>
                <![CDATA[Madhu]]>
              </value>
            </param>
            <param index="1">
              <value>
                <![CDATA[madhu@gmail.com]]>
              </value>
            </param>
            <param index="2">
              <value>
                <![CDATA[877789333]]>
              </value>
            </param>
            <param index="3">
              <value>
                <![CDATA[this is message]]>
              </value>
            </param>
            <param index="4">
              <value>
                <![CDATA[chrome]]>
              </value>
            </param>
          </params>
          <reporter-output>
          </reporter-output>
        </test-method> <!-- contactus -->
        <test-method signature="contactus(java.lang.String,java.lang.String,java.lang.String,java.lang.String,java.lang.String)[pri:0, instance:MobileWorld.ContactUs.StandardAloneTest@36902638]" started-at="2022-10-17T09:36:50 IST" name="contactus" data-provider="contactus" finished-at="2022-10-17T09:37:06 IST" duration-ms="16090" status="PASS">
          <params>
            <param index="0">
              <value>
                <![CDATA[Madhu]]>
              </value>
            </param>
            <param index="1">
              <value>
                <![CDATA[madhu@gmail.com]]>
              </value>
            </param>
            <param index="2">
              <value>
                <![CDATA[8798899900007789333]]>
              </value>
            </param>
            <param index="3">
              <value>
                <![CDATA[this is message]]>
              </value>
            </param>
            <param index="4">
              <value>
                <![CDATA[edge]]>
              </value>
            </param>
          </params>
          <reporter-output>
          </reporter-output>
        </test-method> <!-- contactus -->
      </class> <!-- MobileWorld.ContactUs.StandardAloneTest -->
    </test> <!-- Default test -->
  </suite> <!-- Default suite -->
</testng-results>
