<?xml version="1.0" encoding="UTF-8"?>
<testng-results ignored="0" total="1" passed="1" failed="0" skipped="0">
  <reporter-output>
  </reporter-output>
  <suite started-at="2022-09-19T17:33:47 IST" name="Default suite" finished-at="2022-09-19T17:34:03 IST" duration-ms="15854">
    <groups>
    </groups>
    <test started-at="2022-09-19T17:33:47 IST" name="Default test" finished-at="2022-09-19T17:34:03 IST" duration-ms="15854">
      <class name="MobileWorld.ContactUs.SignUp">
        <test-method signature="signup(java.lang.String,java.lang.String,java.lang.String,java.lang.String,java.lang.String,java.lang.String,java.lang.String)[pri:0, instance:MobileWorld.ContactUs.SignUp@1d2adfbe]" started-at="2022-09-19T17:33:47 IST" name="signup" data-provider="signup" finished-at="2022-09-19T17:34:03 IST" duration-ms="15773" status="PASS">
          <params>
            <param index="0">
              <value>
                <![CDATA[Madhu]]>
              </value>
            </param>
            <param index="1">
              <value>
                <![CDATA[madhu617]]>
              </value>
            </param>
            <param index="2">
              <value>
                <![CDATA[madhu@gmail.com]]>
              </value>
            </param>
            <param index="3">
              <value>
                <![CDATA[abc@123]]>
              </value>
            </param>
            <param index="4">
              <value>
                <![CDATA[09/09/2000]]>
              </value>
            </param>
            <param index="5">
              <value>
                <![CDATA[878946657]]>
              </value>
            </param>
            <param index="6">
              <value>
                <![CDATA[this is text]]>
              </value>
            </param>
          </params>
          <reporter-output>
          </reporter-output>
        </test-method> <!-- signup -->
      </class> <!-- MobileWorld.ContactUs.SignUp -->
    </test> <!-- Default test -->
  </suite> <!-- Default suite -->
</testng-results>
